<?xml version="1.0" encoding="UTF-8"?>
<!-- Generated by org.testng.reporters.JUnitReportReporter -->
<testsuite hostname="TYC1221031" failures="0" tests="1" name="ptc.Pjct3Test" time="0.006" errors="0" timestamp="2023-11-30T10:48:17 IST" skipped="0">
  <testcase classname="ptc.Pjct3Test" name="s3Test" time="0.006"/>
  <system-out/>
</testsuite> <!-- ptc.Pjct3Test -->
