<?xml version="1.0" encoding="UTF-8"?>
<!-- Generated by org.testng.reporters.JUnitReportReporter -->
<testsuite hostname="TYC1221031" failures="0" tests="1" name="ptc.Pjct2Test" time="0.007" errors="0" timestamp="2023-11-30T10:48:29 IST" skipped="0">
  <testcase classname="ptc.Pjct2Test" name="s2Test" time="0.007"/>
  <system-out/>
</testsuite> <!-- ptc.Pjct2Test -->
