<?xml version="1.0" encoding="UTF-8"?>
<!-- Generated by org.testng.reporters.JUnitReportReporter -->
<testsuite hostname="TYC1221031" failures="0" tests="1" name="ptc.SampleTest" time="6.643" errors="0" timestamp="2023-11-30T12:45:06 IST" skipped="0">
  <testcase classname="ptc.SampleTest" name="m1Test" time="6.643"/>
  <system-out/>
</testsuite> <!-- ptc.SampleTest -->
